\BOOKMARK [0][-]{chapter*.2}{\376\377\000I\000n\000t\000r\000o\000d\000u\000c\000t\000i\000o\000n}{}% 1
\BOOKMARK [-1][-]{part.1}{\376\377\000I\000\040\000T\000h\000e\000o\000r\000y}{}% 2
\BOOKMARK [0][-]{chapter.1}{\376\377\000C\000e\000l\000l\000u\000l\000a\000r\000\040\000a\000u\000t\000o\000m\000a\000t\000a}{part.1}% 3
\BOOKMARK [1][-]{section.1.1}{\376\377\000G\000a\000m\000e\000\040\000o\000f\000\040\000L\000i\000f\000e}{chapter.1}% 4
\BOOKMARK [1][-]{section.1.2}{\376\377\000C\000e\000l\000l\000u\000l\000a\000r\000\040\000a\000u\000t\000o\000m\000a\000t\000o\000n\000\040\000i\000n\000\040\000g\000e\000n\000e\000r\000a\000l}{chapter.1}% 5
\BOOKMARK [1][-]{section.1.3}{\376\377\000T\000h\000e\000\040\000m\000o\000s\000t\000\040\000b\000a\000s\000i\000c\000\040\000c\000e\000l\000l\000u\000l\000a\000r\000\040\000a\000u\000t\000o\000m\000a\000t\000o\000n}{chapter.1}% 6
\BOOKMARK [0][-]{chapter.2}{\376\377\000L\000a\000t\000t\000i\000c\000e\000\040\000g\000a\000s\000s\000\040\000c\000e\000l\000l\000u\000l\000a\000r\000\040\000a\000u\000t\000o\000m\000a\000t\000a}{part.1}% 7
\BOOKMARK [1][-]{section.2.1}{\376\377\000F\000r\000o\000m\000\040\000C\000A\000\040\000t\000o\000\040\000L\000G\000C\000A}{chapter.2}% 8
\BOOKMARK [1][-]{section.2.2}{\376\377\000U\000p\000d\000a\000t\000e\000\040\000r\000u\000l\000e}{chapter.2}% 9
\BOOKMARK [1][-]{section.2.3}{\376\377\000P\000r\000o\000p\000a\000g\000a\000t\000i\000o\000n\000:}{chapter.2}% 10
\BOOKMARK [1][-]{section.2.4}{\376\377\000C\000o\000n\000s\000e\000r\000v\000a\000t\000i\000o\000n\000\040\000l\000a\000w\000s}{chapter.2}% 11
\BOOKMARK [0][-]{chapter.3}{\376\377\000F\000H\000P}{part.1}% 12
\BOOKMARK [1][-]{section.3.1}{\376\377\000T\000h\000e\000\040\000l\000a\000t\000t\000i\000c\000e\000\040\000o\000f\000\040\000F\000H\000P}{chapter.3}% 13
\BOOKMARK [1][-]{section.3.2}{\376\377\000U\000p\000d\000a\000t\000e\000\040\000r\000u\000l\000e}{chapter.3}% 14
\BOOKMARK [1][-]{section.3.3}{\376\377\000F\000H\000P\000\040\000a\000n\000a\000l\000y\000t\000i\000c\000a\000l\000l\000y}{chapter.3}% 15
\BOOKMARK [1][-]{section.3.4}{\376\377\000P\000r\000o\000p\000a\000g\000a\000t\000i\000o\000n}{chapter.3}% 16
\BOOKMARK [1][-]{section.3.5}{\376\377\000C\000o\000l\000l\000i\000s\000i\000o\000n}{chapter.3}% 17
\BOOKMARK [1][-]{section.3.6}{\376\377\000C\000o\000l\000l\000i\000s\000i\000o\000n\000\040\000o\000p\000e\000r\000a\000t\000o\000r}{chapter.3}% 18
\BOOKMARK [1][-]{section.3.7}{\376\377\000M\000i\000c\000r\000o\000s\000c\000o\000p\000i\000c\000\040\000c\000o\000n\000s\000e\000r\000v\000a\000t\000i\000o\000n\000\040\000l\000a\000w\000s}{chapter.3}% 19
\BOOKMARK [0][-]{chapter.4}{\376\377\000M\000i\000c\000r\000o\000d\000y\000n\000a\000m\000i\000c\000s\000\040\000o\000f\000\040\000F\000H\000P}{part.1}% 20
\BOOKMARK [1][-]{section.4.1}{\376\377\000F\000H\000P\000\040\000a\000n\000a\000l\000y\000t\000i\000c\000a\000l\000l\000y}{chapter.4}% 21
\BOOKMARK [1][-]{section.4.2}{\376\377\000P\000r\000o\000p\000a\000g\000a\000t\000i\000o\000n}{chapter.4}% 22
\BOOKMARK [1][-]{section.4.3}{\376\377\000C\000o\000l\000l\000i\000s\000i\000o\000n}{chapter.4}% 23
\BOOKMARK [1][-]{section.4.4}{\376\377\000C\000o\000l\000l\000i\000s\000i\000o\000n\000\040\000o\000p\000e\000r\000a\000t\000o\000r}{chapter.4}% 24
\BOOKMARK [1][-]{section.4.5}{\376\377\000M\000i\000c\000r\000o\000s\000c\000o\000p\000i\000c\000\040\000c\000o\000n\000s\000e\000r\000v\000a\000t\000i\000o\000n\000\040\000l\000a\000w\000s}{chapter.4}% 25
\BOOKMARK [0][-]{chapter.5}{\376\377\000S\000t\000a\000t\000i\000s\000t\000i\000c\000a\000l\000\040\000d\000e\000s\000c\000r\000i\000p\000t\000i\000o\000n\000\040\000o\000f\000\040\000F\000H\000P}{part.1}% 26
\BOOKMARK [1][-]{section.5.1}{\376\377\000F\000r\000o\000m\000\040\000m\000i\000c\000r\000o\000c\000o\000s\000m\000o\000s\000\040\000t\000o\000\040\000m\000a\000c\000r\000o\000w\000o\000r\000l\000d}{chapter.5}% 27
\BOOKMARK [1][-]{section.5.2}{\376\377\000L\000i\000o\000u\000v\000i\000l\000l\000e\000'\000s\000\040\000t\000h\000e\000o\000r\000e\000m\000\040\000a\000.\000k\000.\000a\000.\000\040\000c\000o\000n\000s\000e\000r\000v\000a\000t\000i\000o\000n\000\040\000o\000f\000\040\000p\000r\000o\000b\000a\000b\000i\000l\000i\000t\000i\000e\000s}{chapter.5}% 28
\BOOKMARK [1][-]{section.5.3}{\376\377\000M\000e\000a\000n\000\040\000o\000c\000c\000u\000p\000a\000t\000i\000o\000n\000\040\000n\000u\000m\000b\000e\000r\000s}{chapter.5}% 29
\BOOKMARK [1][-]{section.5.4}{\376\377\000E\000q\000u\000i\000l\000i\000b\000r\000i\000u\000m\000\040\000o\000c\000c\000u\000p\000a\000t\000i\000o\000n\000\040\000n\000u\000m\000b\000e\000r}{chapter.5}% 30
\BOOKMARK [1][-]{section.5.5}{\376\377\000C\000h\000a\000p\000m\000a\000n\000-\000E\000n\000s\000k\000o\000g\000\040\000e\000x\000p\000a\000n\000s\000i\000o\000n}{chapter.5}% 31
\BOOKMARK [0][-]{chapter.6}{\376\377\000F\000C\000H\000C}{part.1}% 32
\BOOKMARK [1][-]{section.6.1}{\376\377\000F\000a\000c\000e\000-\000c\000e\000n\000t\000e\000r\000e\000d\000\040\000h\000y\000p\000e\000r\000c\000u\000b\000e}{chapter.6}% 33
\BOOKMARK [1][-]{section.6.2}{\376\377\000C\000o\000l\000l\000i\000s\000i\000o\000n\000\040\000r\000u\000l\000e\000s\000\040\000f\000o\000r\000\040\000F\000C\000H\000C}{chapter.6}% 34
\BOOKMARK [2][-]{subsection.6.2.1}{\376\377\000N\000e\000c\000e\000s\000s\000a\000r\000y\000\040\000c\000o\000n\000d\000i\000t\000i\000o\000n\000s}{section.6.2}% 35
\BOOKMARK [1][-]{section.6.3}{\376\377\000I\000s\000o\000m\000e\000t\000r\000i\000e\000s\000\040\000o\000f\000\040\000F\000C\000H\000C}{chapter.6}% 36
\BOOKMARK [2][-]{subsection.6.3.1}{\376\377\000G\000e\000n\000e\000r\000a\000t\000i\000n\000g\000\040\000s\000e\000t}{section.6.3}% 37
\BOOKMARK [2][-]{subsection.6.3.2}{\376\377\000N\000o\000r\000m\000a\000l\000i\000z\000e\000d\000\040\000m\000o\000m\000e\000n\000t\000a}{section.6.3}% 38
\BOOKMARK [2][-]{subsection.6.3.3}{\376\377\000O\000p\000t\000i\000m\000a\000l\000\040\000i\000s\000o\000m\000e\000t\000r\000i\000e\000s}{section.6.3}% 39
\BOOKMARK [0][-]{chapter.7}{\376\377\000P\000a\000i\000r\000\040\000I\000n\000t\000e\000r\000a\000c\000t\000i\000o\000n\000\040\000L\000G\000C\000A}{part.1}% 40
\BOOKMARK [1][-]{section.7.1}{\376\377\000U\000s\000e\000r\000-\000f\000r\000i\000e\000n\000d\000l\000y\000\040\000g\000u\000i\000d\000e\000\040\000t\000o\000\040\000P\000a\000i\000r\000\040\000i\000n\000t\000e\000r\000a\000c\000t\000i\000o\000n\000s}{chapter.7}% 41
\BOOKMARK [2][-]{subsection.7.1.1}{\376\377\000P\000a\000i\000r\000-\000i\000n\000t\000e\000r\000a\000c\000t\000i\000o\000n\000s\000\040\000a\000u\000t\000o\000m\000a\000t\000o\000n\000\040\000i\000n\000\040\000t\000w\000o\000\040\000d\000i\000m\000e\000n\000s\000i\000o\000n\000s}{section.7.1}% 42
\BOOKMARK [2][-]{subsection.7.1.2}{\376\377\000U\000p\000d\000a\000t\000e\000\040\000r\000u\000l\000e\000s}{section.7.1}% 43
\BOOKMARK [2][-]{subsection.7.1.3}{\376\377\000C\000o\000l\000l\000i\000s\000i\000o\000n}{section.7.1}% 44
\BOOKMARK [1][-]{section.7.2}{\376\377\000P\000r\000o\000p\000a\000g\000a\000t\000i\000o\000n\000:}{chapter.7}% 45
\BOOKMARK [1][-]{section.7.3}{\376\377\0003\000D\000\040\000P\000a\000i\000r\000-\000i\000n\000t\000e\000r\000a\000c\000t\000i\000o\000n\000\040\000c\000e\000l\000l\000u\000l\000a\000r\000\040\000a\000u\000t\000o\000m\000a\000t\000o\000n}{chapter.7}% 46
\BOOKMARK [1][-]{section.7.4}{\376\377\000C\000o\000l\000l\000i\000s\000i\000o\000n}{chapter.7}% 47
\BOOKMARK [1][-]{section.7.5}{\376\377\000E\000q\000u\000i\000l\000i\000b\000r\000i\000u\000m\000\040\000s\000t\000a\000t\000i\000s\000t\000i\000c\000s}{chapter.7}% 48
\BOOKMARK [2][-]{subsection.7.5.1}{\376\377\000G\000i\000b\000b\000s\000\040\000d\000i\000s\000t\000r\000i\000b\000u\000t\000i\000o\000n}{section.7.5}% 49
\BOOKMARK [1][-]{section.7.6}{\376\377\000H\000y\000d\000r\000o\000d\000y\000n\000a\000m\000i\000c\000\040\000d\000e\000s\000c\000r\000i\000p\000t\000i\000o\000n}{chapter.7}% 50
\BOOKMARK [1][-]{section.7.7}{\376\377\000H\000y\000d\000r\000o\000d\000y\000n\000a\000m\000i\000c\000\040\000l\000i\000m\000i\000t\000i\000n\000g\000\040\000c\000a\000s\000e\000s}{chapter.7}% 51
\BOOKMARK [0][-]{chapter.8}{\376\377\000F\000r\000o\000m\000\040\000B\000o\000l\000t\000z\000m\000a\000n\000n\000\040\000t\000o\000\040\000N\000a\000v\000i\000e\000r\000-\000S\000t\000o\000k\000e\000s}{part.1}% 52
\BOOKMARK [1][-]{section.8.1}{\376\377\000B\000o\000l\000t\000z\000m\000a\000n\000n\000\040\000e\000q\000u\000a\000t\000i\000o\000n}{chapter.8}% 53
\BOOKMARK [1][-]{section.8.2}{\376\377\000M\000a\000c\000r\000o\000s\000c\000o\000p\000i\000c\000\040\000q\000u\000a\000n\000t\000i\000t\000i\000e\000s}{chapter.8}% 54
\BOOKMARK [1][-]{section.8.3}{\376\377\000H\000y\000d\000r\000o\000d\000y\000n\000a\000m\000i\000c\000\040\000e\000q\000u\000a\000t\000i\000o\000n\000s}{chapter.8}% 55
\BOOKMARK [-1][-]{part.2}{\376\377\000I\000I\000\040\000I\000m\000p\000l\000e\000m\000e\000n\000t\000a\000t\000i\000o\000n\000\040\000a\000n\000d\000\040\000a\000p\000p\000l\000i\000c\000a\000t\000i\000o\000n\000s}{}% 56
\BOOKMARK [0][-]{chapter.9}{\376\377\000P\000r\000a\000c\000t\000i\000c\000a\000l\000\040\000p\000a\000r\000t}{part.2}% 57
\BOOKMARK [0][-]{chapter.10}{\376\377\000G\000e\000n\000e\000r\000a\000l\000\040\000c\000o\000m\000m\000e\000n\000t\000s\000\040\000o\000n\000\040\000t\000h\000e\000\040\000i\000m\000p\000l\000e\000m\000e\000n\000t\000a\000t\000i\000o\000n}{part.2}% 58
\BOOKMARK [1][-]{section.10.1}{\376\377\000P\000a\000r\000a\000l\000l\000e\000l\000i\000z\000a\000t\000i\000o\000n}{chapter.10}% 59
\BOOKMARK [0][-]{chapter.11}{\376\377\000I\000m\000p\000l\000e\000m\000e\000n\000t\000a\000t\000i\000o\000n\000\040\000o\000f\000\040\000F\000C\000H\000C}{part.2}% 60
\BOOKMARK [1][-]{section.11.1}{\376\377\000A\000l\000g\000o\000r\000i\000t\000h\000m\000\040\000f\000o\000r\000\040\000t\000h\000e\000\040\000c\000r\000e\000a\000t\000i\000o\000n\000\040\000o\000f\000\040\000t\000h\000e\000\040\000t\000a\000b\000l\000e}{chapter.11}% 61
\BOOKMARK [1][-]{section.11.2}{\376\377\000A\000l\000g\000o\000r\000i\000t\000h\000m\000\040\000f\000o\000r\000\040\000c\000o\000l\000l\000i\000s\000i\000o\000n}{chapter.11}% 62
\BOOKMARK [1][-]{section.11.3}{\376\377\000P\000r\000o\000p\000a\000g\000a\000t\000i\000o\000n\000\040\000i\000n\000\040\000F\000C\000H\000C}{chapter.11}% 63
\BOOKMARK [0][-]{chapter.12}{\376\377\000I\000m\000p\000l\000e\000m\000e\000n\000t\000a\000t\000i\000o\000n\000\040\000o\000f\000\040\000t\000h\000e\000\040\000P\000a\000i\000r\000-\000I\000n\000t\000e\000r\000a\000c\000t\000i\000o\000n\000\040\000L\000G\000C\000A\000\040\000i\000n\000\040\0003\000D}{part.2}% 64
\BOOKMARK [1][-]{section.12.1}{\376\377\000I\000m\000p\000l\000e\000m\000e\000n\000t\000a\000t\000i\000o\000n\000\040\000o\000f\000\040\000t\000h\000e\000\040\000c\000o\000l\000l\000i\000s\000i\000o\000n\000\040\000a\000l\000g\000o\000r\000i\000t\000h\000m}{chapter.12}% 65
\BOOKMARK [1][-]{section.12.2}{\376\377\000I\000m\000p\000l\000e\000m\000e\000n\000t\000a\000t\000i\000o\000n\000\040\000o\000f\000\040\000t\000h\000e\000\040\000P\000r\000o\000p\000a\000g\000a\000t\000i\000o\000n}{chapter.12}% 66
\BOOKMARK [0][-]{chapter.13}{\376\377\000N\000o\000n\000-\000d\000e\000t\000e\000r\000m\000i\000n\000i\000s\000t\000i\000c\000\040\000P\000I}{part.2}% 67
\BOOKMARK [1][-]{section.13.1}{\376\377\000E\000x\000p\000l\000o\000d\000i\000n\000g\000\040\000c\000u\000b\000e}{chapter.13}% 68
\BOOKMARK [0][-]{chapter.14}{\376\377\000S\000t\000u\000d\000y\000\040\000o\000f\000\040\000t\000h\000e\000\040\000f\000l\000o\000w\000\040\000a\000r\000o\000u\000n\000d\000\040\000t\000h\000e\000\040\000o\000b\000s\000t\000a\000c\000l\000e\000s}{part.2}% 69
\BOOKMARK [1][-]{section.14.1}{\376\377\000F\000l\000o\000w\000\040\000a\000r\000o\000u\000n\000d\000\040\000t\000h\000e\000\040\000s\000p\000h\000e\000r\000e}{chapter.14}% 70
\BOOKMARK [1][-]{section.14.2}{\376\377\000F\000l\000o\000w\000\040\000a\000r\000o\000u\000n\000d\000\040\000t\000h\000e\000\040\000d\000i\000s\000k}{chapter.14}% 71
\BOOKMARK [0][-]{chapter.15}{\376\377\000F\000u\000l\000l\000y\000\040\000d\000e\000v\000e\000l\000o\000p\000e\000d\000\040\000t\000u\000r\000b\000u\000l\000e\000n\000c\000e\000\040\000s\000i\000m\000u\000l\000a\000t\000e\000d\000\040\000o\000n\000\040\000L\000G\000C\000A}{part.2}% 72
\BOOKMARK [1][-]{section.15.1}{\376\377\000I\000n\000w\000a\000r\000d\000\040\000f\000l\000o\000w\000\040\000o\000n\000\040\000t\000h\000e\000\040\000s\000p\000h\000e\000r\000e}{chapter.15}% 73
\BOOKMARK [2][-]{subsection.15.1.1}{\376\377\000F\000C\000H\000C\000\040\000i\000m\000p\000l\000e\000m\000e\000n\000t\000a\000t\000i\000o\000n\000\040\000o\000f\000\040\000i\000n\000w\000a\000r\000d\000\040\000f\000l\000o\000w\000\040\000f\000r\000o\000m\000\040\000t\000h\000e\000\040\000s\000p\000h\000e\000r\000e}{section.15.1}% 74
\BOOKMARK [1][-]{section.15.2}{\376\377\000S\000t\000a\000t\000i\000s\000t\000i\000c\000a\000l\000\040\000p\000r\000o\000p\000e\000r\000t\000i\000e\000s\000\040\000o\000f\000\040\000t\000h\000e\000\040\000f\000l\000o\000w}{chapter.15}% 75
\BOOKMARK [2][-]{subsection.15.2.1}{\376\377\000F\000i\000r\000s\000t\000\040\000s\000t\000a\000t\000i\000s\000t\000i\000c\000a\000l\000\040\000m\000o\000m\000e\000n\000t\000\040\000-\000\040\000t\000h\000e\000\040\000m\000e\000a\000n\000\040\000v\000e\000l\000o\000c\000i\000t\000y\000\040\000f\000i\000e\000l\000d}{section.15.2}% 76
\BOOKMARK [2][-]{subsection.15.2.2}{\376\377\000S\000e\000c\000o\000n\000d\000\040\000s\000t\000a\000t\000i\000s\000t\000i\000c\000a\000l\000\040\000m\000o\000m\000e\000n\000t\000\040\040\023\000\040\000t\000h\000e\000\040\000c\000o\000v\000a\000r\000i\000a\000n\000c\000e\000\040\000t\000e\000n\000s\000o\000r}{section.15.2}% 77
\BOOKMARK [2][-]{subsection.15.2.3}{\376\377\000S\000t\000r\000u\000c\000t\000u\000r\000e\000\040\000f\000u\000n\000c\000t\000i\000o\000n\000s}{section.15.2}% 78
\BOOKMARK [1][-]{section.15.3}{\376\377\000G\000r\000a\000p\000h\000i\000c\000a\000l\000\040\000r\000e\000p\000r\000e\000s\000e\000n\000t\000a\000t\000i\000o\000n\000\040\000o\000f\000\040\000t\000h\000e\000\040\000o\000b\000t\000a\000i\000n\000e\000d\000\040\000r\000e\000s\000u\000l\000t\000s}{chapter.15}% 79
\BOOKMARK [0][-]{chapter*.3}{\376\377\000B\000i\000b\000l\000i\000o\000g\000r\000a\000p\000h\000y}{part.2}% 80
\BOOKMARK [0][-]{chapter*.4}{\376\377\000L\000i\000s\000t\000\040\000o\000f\000\040\000F\000i\000g\000u\000r\000e\000s}{part.2}% 81
\BOOKMARK [0][-]{chapter*.5}{\376\377\000L\000i\000s\000t\000\040\000o\000f\000\040\000T\000a\000b\000l\000e\000s}{part.2}% 82
\BOOKMARK [0][-]{chapter*.6}{\376\377\000L\000i\000s\000t\000\040\000o\000f\000\040\000A\000b\000b\000r\000e\000v\000i\000a\000t\000i\000o\000n\000s}{part.2}% 83
\BOOKMARK [0][-]{chapter*.7}{\376\377\000A\000t\000t\000a\000c\000h\000m\000e\000n\000t\000s}{part.2}% 84
